ERROR - 2026-07-20 07:02:32 --> no such table: fee_configs
in SYSTEMPATH/Database/SQLite3/Connection.php on line 163.
 1 SYSTEMPATH/Database/SQLite3/Connection.php(163): SQLite3->exec()
 2 SYSTEMPATH/Database/BaseConnection.php(910): CodeIgniter\Database\SQLite3\Connection->execute()
 3 SYSTEMPATH/Database/BaseConnection.php(827): CodeIgniter\Database\BaseConnection->simpleQuery()
 4 SYSTEMPATH/Database/BaseBuilder.php(1841): CodeIgniter\Database\BaseConnection->query()
 5 SYSTEMPATH/Database/BaseBuilder.php(2230): CodeIgniter\Database\BaseBuilder->batchExecute()
 6 APPPATH/Database/Seeds/FeeConfigSeeder.php(48): CodeIgniter\Database\BaseBuilder->insertBatch()
 7 SYSTEMPATH/Database/Seeder.php(155): App\Database\Seeds\FeeConfigSeeder->run()
 8 SYSTEMPATH/Commands/Database/Seed.php(79): CodeIgniter\Database\Seeder->call()
 9 SYSTEMPATH/CLI/Commands.php(74): CodeIgniter\Commands\Database\Seed->run()
10 SYSTEMPATH/CLI/Console.php(47): CodeIgniter\CLI\Commands->run()
11 SYSTEMPATH/Boot.php(442): CodeIgniter\CLI\Console->run()
12 SYSTEMPATH/Boot.php(166): CodeIgniter\Boot::runCommand()
13 ROOTPATH/spark(87): CodeIgniter\Boot::bootSpark()
ERROR - 2026-07-20 07:42:26 --> UNIQUE constraint failed: users.email
in SYSTEMPATH/Database/SQLite3/Connection.php on line 163.
 1 SYSTEMPATH/Database/SQLite3/Connection.php(163): SQLite3->exec()
 2 SYSTEMPATH/Database/BaseConnection.php(910): CodeIgniter\Database\SQLite3\Connection->execute()
 3 SYSTEMPATH/Database/BaseConnection.php(827): CodeIgniter\Database\BaseConnection->simpleQuery()
 4 SYSTEMPATH/Database/BaseBuilder.php(1841): CodeIgniter\Database\BaseConnection->query()
 5 SYSTEMPATH/Database/BaseBuilder.php(2230): CodeIgniter\Database\BaseBuilder->batchExecute()
 6 APPPATH/Database/Seeds/UserSeeder.php(39): CodeIgniter\Database\BaseBuilder->insertBatch()
 7 SYSTEMPATH/Database/Seeder.php(155): App\Database\Seeds\UserSeeder->run()
 8 APPPATH/Database/Seeds/DatabaseSeeder.php(16): CodeIgniter\Database\Seeder->call()
 9 SYSTEMPATH/Database/Seeder.php(155): App\Database\Seeds\DatabaseSeeder->run()
10 SYSTEMPATH/Commands/Database/Seed.php(79): CodeIgniter\Database\Seeder->call()
11 SYSTEMPATH/CLI/Commands.php(74): CodeIgniter\Commands\Database\Seed->run()
12 SYSTEMPATH/CLI/Console.php(47): CodeIgniter\CLI\Commands->run()
13 SYSTEMPATH/Boot.php(442): CodeIgniter\CLI\Console->run()
14 SYSTEMPATH/Boot.php(166): CodeIgniter\Boot::runCommand()
15 ROOTPATH/spark(87): CodeIgniter\Boot::bootSpark()
ERROR - 2026-07-20 07:43:00 --> UNIQUE constraint failed: users.email
in SYSTEMPATH/Database/SQLite3/Connection.php on line 163.
 1 SYSTEMPATH/Database/SQLite3/Connection.php(163): SQLite3->exec()
 2 SYSTEMPATH/Database/BaseConnection.php(910): CodeIgniter\Database\SQLite3\Connection->execute()
 3 SYSTEMPATH/Database/BaseConnection.php(827): CodeIgniter\Database\BaseConnection->simpleQuery()
 4 SYSTEMPATH/Database/BaseBuilder.php(1841): CodeIgniter\Database\BaseConnection->query()
 5 SYSTEMPATH/Database/BaseBuilder.php(2230): CodeIgniter\Database\BaseBuilder->batchExecute()
 6 APPPATH/Database/Seeds/UserSeeder.php(39): CodeIgniter\Database\BaseBuilder->insertBatch()
 7 SYSTEMPATH/Database/Seeder.php(155): App\Database\Seeds\UserSeeder->run()
 8 SYSTEMPATH/Commands/Database/Seed.php(79): CodeIgniter\Database\Seeder->call()
 9 SYSTEMPATH/CLI/Commands.php(74): CodeIgniter\Commands\Database\Seed->run()
10 SYSTEMPATH/CLI/Console.php(47): CodeIgniter\CLI\Commands->run()
11 SYSTEMPATH/Boot.php(442): CodeIgniter\CLI\Console->run()
12 SYSTEMPATH/Boot.php(166): CodeIgniter\Boot::runCommand()
13 ROOTPATH/spark(87): CodeIgniter\Boot::bootSpark()
ERROR - 2026-07-20 07:45:55 --> UNIQUE constraint failed: prefixes.prefix
in SYSTEMPATH/Database/SQLite3/Connection.php on line 163.
 1 SYSTEMPATH/Database/SQLite3/Connection.php(163): SQLite3->exec()
 2 SYSTEMPATH/Database/BaseConnection.php(910): CodeIgniter\Database\SQLite3\Connection->execute()
 3 SYSTEMPATH/Database/BaseConnection.php(827): CodeIgniter\Database\BaseConnection->simpleQuery()
 4 SYSTEMPATH/Database/BaseBuilder.php(1841): CodeIgniter\Database\BaseConnection->query()
 5 SYSTEMPATH/Database/BaseBuilder.php(2230): CodeIgniter\Database\BaseBuilder->batchExecute()
 6 APPPATH/Database/Seeds/PrefixSeeder.php(30): CodeIgniter\Database\BaseBuilder->insertBatch()
 7 SYSTEMPATH/Database/Seeder.php(155): App\Database\Seeds\PrefixSeeder->run()
 8 APPPATH/Database/Seeds/DatabaseSeeder.php(22): CodeIgniter\Database\Seeder->call()
 9 SYSTEMPATH/Database/Seeder.php(155): App\Database\Seeds\DatabaseSeeder->run()
10 SYSTEMPATH/Commands/Database/Seed.php(79): CodeIgniter\Database\Seeder->call()
11 SYSTEMPATH/CLI/Commands.php(74): CodeIgniter\Commands\Database\Seed->run()
12 SYSTEMPATH/CLI/Console.php(47): CodeIgniter\CLI\Commands->run()
13 SYSTEMPATH/Boot.php(442): CodeIgniter\CLI\Console->run()
14 SYSTEMPATH/Boot.php(166): CodeIgniter\Boot::runCommand()
15 ROOTPATH/spark(87): CodeIgniter\Boot::bootSpark()
ERROR - 2026-07-20 07:47:06 --> UNIQUE constraint failed: clients.msisdn
in SYSTEMPATH/Database/SQLite3/Connection.php on line 163.
 1 SYSTEMPATH/Database/SQLite3/Connection.php(163): SQLite3->exec()
 2 SYSTEMPATH/Database/BaseConnection.php(910): CodeIgniter\Database\SQLite3\Connection->execute()
 3 SYSTEMPATH/Database/BaseConnection.php(827): CodeIgniter\Database\BaseConnection->simpleQuery()
 4 SYSTEMPATH/Database/BaseBuilder.php(1841): CodeIgniter\Database\BaseConnection->query()
 5 SYSTEMPATH/Database/BaseBuilder.php(2230): CodeIgniter\Database\BaseBuilder->batchExecute()
 6 APPPATH/Database/Seeds/ClientSeeder.php(59): CodeIgniter\Database\BaseBuilder->insertBatch()
 7 SYSTEMPATH/Database/Seeder.php(155): App\Database\Seeds\ClientSeeder->run()
 8 APPPATH/Database/Seeds/DatabaseSeeder.php(19): CodeIgniter\Database\Seeder->call()
 9 SYSTEMPATH/Database/Seeder.php(155): App\Database\Seeds\DatabaseSeeder->run()
10 SYSTEMPATH/Commands/Database/Seed.php(79): CodeIgniter\Database\Seeder->call()
11 SYSTEMPATH/CLI/Commands.php(74): CodeIgniter\Commands\Database\Seed->run()
12 SYSTEMPATH/CLI/Console.php(47): CodeIgniter\CLI\Commands->run()
13 SYSTEMPATH/Boot.php(442): CodeIgniter\CLI\Console->run()
14 SYSTEMPATH/Boot.php(166): CodeIgniter\Boot::runCommand()
15 ROOTPATH/spark(87): CodeIgniter\Boot::bootSpark()
ERROR - 2026-07-20 07:47:58 --> no such table: transactions
in SYSTEMPATH/Database/SQLite3/Connection.php on line 163.
 1 SYSTEMPATH/Database/SQLite3/Connection.php(163): SQLite3->exec()
 2 SYSTEMPATH/Database/BaseConnection.php(910): CodeIgniter\Database\SQLite3\Connection->execute()
 3 SYSTEMPATH/Database/BaseConnection.php(827): CodeIgniter\Database\BaseConnection->simpleQuery()
 4 SYSTEMPATH/Database/BaseBuilder.php(1841): CodeIgniter\Database\BaseConnection->query()
 5 SYSTEMPATH/Database/BaseBuilder.php(2230): CodeIgniter\Database\BaseBuilder->batchExecute()
 6 APPPATH/Database/Seeds/TransactionSeeder.php(183): CodeIgniter\Database\BaseBuilder->insertBatch()
 7 SYSTEMPATH/Database/Seeder.php(155): App\Database\Seeds\TransactionSeeder->run()
 8 APPPATH/Database/Seeds/DatabaseSeeder.php(28): CodeIgniter\Database\Seeder->call()
 9 SYSTEMPATH/Database/Seeder.php(155): App\Database\Seeds\DatabaseSeeder->run()
10 SYSTEMPATH/Commands/Database/Seed.php(79): CodeIgniter\Database\Seeder->call()
11 SYSTEMPATH/CLI/Commands.php(74): CodeIgniter\Commands\Database\Seed->run()
12 SYSTEMPATH/CLI/Console.php(47): CodeIgniter\CLI\Commands->run()
13 SYSTEMPATH/Boot.php(442): CodeIgniter\CLI\Console->run()
14 SYSTEMPATH/Boot.php(166): CodeIgniter\Boot::runCommand()
15 ROOTPATH/spark(87): CodeIgniter\Boot::bootSpark()
ERROR - 2026-07-20 07:48:28 --> no such table: transactions
in SYSTEMPATH/Database/SQLite3/Connection.php on line 163.
 1 SYSTEMPATH/Database/SQLite3/Connection.php(163): SQLite3->exec()
 2 SYSTEMPATH/Database/BaseConnection.php(910): CodeIgniter\Database\SQLite3\Connection->execute()
 3 SYSTEMPATH/Database/BaseConnection.php(827): CodeIgniter\Database\BaseConnection->simpleQuery()
 4 SYSTEMPATH/Database/BaseBuilder.php(2773): CodeIgniter\Database\BaseConnection->query()
 5 APPPATH/Database/Seeds/TransactionSeeder.php(11): CodeIgniter\Database\BaseBuilder->truncate()
 6 SYSTEMPATH/Database/Seeder.php(155): App\Database\Seeds\TransactionSeeder->run()
 7 APPPATH/Database/Seeds/DatabaseSeeder.php(28): CodeIgniter\Database\Seeder->call()
 8 SYSTEMPATH/Database/Seeder.php(155): App\Database\Seeds\DatabaseSeeder->run()
 9 SYSTEMPATH/Commands/Database/Seed.php(79): CodeIgniter\Database\Seeder->call()
10 SYSTEMPATH/CLI/Commands.php(74): CodeIgniter\Commands\Database\Seed->run()
11 SYSTEMPATH/CLI/Console.php(47): CodeIgniter\CLI\Commands->run()
12 SYSTEMPATH/Boot.php(442): CodeIgniter\CLI\Console->run()
13 SYSTEMPATH/Boot.php(166): CodeIgniter\Boot::runCommand()
14 ROOTPATH/spark(87): CodeIgniter\Boot::bootSpark()
ERROR - 2026-07-20 07:49:38 --> no such table: transactions
in SYSTEMPATH/Database/SQLite3/Connection.php on line 163.
 1 SYSTEMPATH/Database/SQLite3/Connection.php(163): SQLite3->exec()
 2 SYSTEMPATH/Database/BaseConnection.php(910): CodeIgniter\Database\SQLite3\Connection->execute()
 3 SYSTEMPATH/Database/BaseConnection.php(827): CodeIgniter\Database\BaseConnection->simpleQuery()
 4 SYSTEMPATH/Database/BaseBuilder.php(2773): CodeIgniter\Database\BaseConnection->query()
 5 APPPATH/Database/Seeds/TransactionSeeder.php(11): CodeIgniter\Database\BaseBuilder->truncate()
 6 SYSTEMPATH/Database/Seeder.php(155): App\Database\Seeds\TransactionSeeder->run()
 7 APPPATH/Database/Seeds/DatabaseSeeder.php(28): CodeIgniter\Database\Seeder->call()
 8 SYSTEMPATH/Database/Seeder.php(155): App\Database\Seeds\DatabaseSeeder->run()
 9 SYSTEMPATH/Commands/Database/Seed.php(79): CodeIgniter\Database\Seeder->call()
10 SYSTEMPATH/CLI/Commands.php(74): CodeIgniter\Commands\Database\Seed->run()
11 SYSTEMPATH/CLI/Console.php(47): CodeIgniter\CLI\Commands->run()
12 SYSTEMPATH/Boot.php(442): CodeIgniter\CLI\Console->run()
13 SYSTEMPATH/Boot.php(166): CodeIgniter\Boot::runCommand()
14 ROOTPATH/spark(87): CodeIgniter\Boot::bootSpark()
ERROR - 2026-07-20 07:50:10 --> no such table: transactions
in SYSTEMPATH/Database/SQLite3/Connection.php on line 163.
 1 SYSTEMPATH/Database/SQLite3/Connection.php(163): SQLite3->exec()
 2 SYSTEMPATH/Database/BaseConnection.php(910): CodeIgniter\Database\SQLite3\Connection->execute()
 3 SYSTEMPATH/Database/BaseConnection.php(827): CodeIgniter\Database\BaseConnection->simpleQuery()
 4 SYSTEMPATH/Database/BaseBuilder.php(2773): CodeIgniter\Database\BaseConnection->query()
 5 APPPATH/Database/Seeds/TransactionSeeder.php(11): CodeIgniter\Database\BaseBuilder->truncate()
 6 SYSTEMPATH/Database/Seeder.php(155): App\Database\Seeds\TransactionSeeder->run()
 7 APPPATH/Database/Seeds/DatabaseSeeder.php(28): CodeIgniter\Database\Seeder->call()
 8 SYSTEMPATH/Database/Seeder.php(155): App\Database\Seeds\DatabaseSeeder->run()
 9 SYSTEMPATH/Commands/Database/Seed.php(79): CodeIgniter\Database\Seeder->call()
10 SYSTEMPATH/CLI/Commands.php(74): CodeIgniter\Commands\Database\Seed->run()
11 SYSTEMPATH/CLI/Console.php(47): CodeIgniter\CLI\Commands->run()
12 SYSTEMPATH/Boot.php(442): CodeIgniter\CLI\Console->run()
13 SYSTEMPATH/Boot.php(166): CodeIgniter\Boot::runCommand()
14 ROOTPATH/spark(87): CodeIgniter\Boot::bootSpark()
ERROR - 2026-07-20 07:51:03 --> no such table: transactions
in SYSTEMPATH/Database/SQLite3/Connection.php on line 163.
 1 SYSTEMPATH/Database/SQLite3/Connection.php(163): SQLite3->exec()
 2 SYSTEMPATH/Database/BaseConnection.php(910): CodeIgniter\Database\SQLite3\Connection->execute()
 3 SYSTEMPATH/Database/BaseConnection.php(827): CodeIgniter\Database\BaseConnection->simpleQuery()
 4 SYSTEMPATH/Database/BaseBuilder.php(2773): CodeIgniter\Database\BaseConnection->query()
 5 APPPATH/Database/Seeds/TransactionSeeder.php(11): CodeIgniter\Database\BaseBuilder->truncate()
 6 SYSTEMPATH/Database/Seeder.php(155): App\Database\Seeds\TransactionSeeder->run()
 7 SYSTEMPATH/Commands/Database/Seed.php(79): CodeIgniter\Database\Seeder->call()
 8 SYSTEMPATH/CLI/Commands.php(74): CodeIgniter\Commands\Database\Seed->run()
 9 SYSTEMPATH/CLI/Console.php(47): CodeIgniter\CLI\Commands->run()
10 SYSTEMPATH/Boot.php(442): CodeIgniter\CLI\Console->run()
11 SYSTEMPATH/Boot.php(166): CodeIgniter\Boot::runCommand()
12 ROOTPATH/spark(87): CodeIgniter\Boot::bootSpark()
ERROR - 2026-07-20 07:54:08 --> Unable to prepare statement: 1, no such table: transactions
in SYSTEMPATH/Database/SQLite3/Connection.php on line 164.
 1 SYSTEMPATH/Database/SQLite3/Connection.php(164): SQLite3->query()
 2 SYSTEMPATH/Database/BaseConnection.php(910): CodeIgniter\Database\SQLite3\Connection->execute()
 3 SYSTEMPATH/Database/BaseConnection.php(827): CodeIgniter\Database\BaseConnection->simpleQuery()
 4 SYSTEMPATH/Database/BaseBuilder.php(1649): CodeIgniter\Database\BaseConnection->query()
 5 SYSTEMPATH/Model.php(295): CodeIgniter\Database\BaseBuilder->get()
 6 SYSTEMPATH/BaseModel.php(714): CodeIgniter\Model->doFirst()
 7 APPPATH/Models/TransactionModel.php(152): CodeIgniter\BaseModel->first()
 8 APPPATH/Controllers/Admin/DashboardController.php(29): App\Models\TransactionModel->getGlobalStats()
 9 SYSTEMPATH/CodeIgniter.php(951): App\Controllers\Admin\DashboardController->index()
10 SYSTEMPATH/CodeIgniter.php(497): CodeIgniter\CodeIgniter->runController()
11 SYSTEMPATH/CodeIgniter.php(340): CodeIgniter\CodeIgniter->handleRequest()
12 SYSTEMPATH/Boot.php(417): CodeIgniter\CodeIgniter->run()
13 SYSTEMPATH/Boot.php(68): CodeIgniter\Boot::runCodeIgniter()
14 FCPATH/index.php(59): CodeIgniter\Boot::bootWeb()
15 SYSTEMPATH/rewrite.php(44): require_once('/home/angolatiana/Documents/GitHub/PROJET-FINAL-S4-4012-4154/public/index.php')
CRITICAL - 2026-07-20 07:54:08 --> CodeIgniter\Database\Exceptions\DatabaseException: Unable to prepare statement: 1, no such table: transactions
[Method: GET, Route: admin/dashboard]
in SYSTEMPATH/Database/BaseConnection.php on line 865.
 1 SYSTEMPATH/Database/BaseBuilder.php(1649): CodeIgniter\Database\BaseConnection->query()
 2 SYSTEMPATH/Model.php(295): CodeIgniter\Database\BaseBuilder->get()
 3 SYSTEMPATH/BaseModel.php(714): CodeIgniter\Model->doFirst()
 4 APPPATH/Models/TransactionModel.php(152): CodeIgniter\BaseModel->first()
 5 APPPATH/Controllers/Admin/DashboardController.php(29): App\Models\TransactionModel->getGlobalStats()
 6 SYSTEMPATH/CodeIgniter.php(951): App\Controllers\Admin\DashboardController->index()
 7 SYSTEMPATH/CodeIgniter.php(497): CodeIgniter\CodeIgniter->runController()
 8 SYSTEMPATH/CodeIgniter.php(340): CodeIgniter\CodeIgniter->handleRequest()
 9 SYSTEMPATH/Boot.php(417): CodeIgniter\CodeIgniter->run()
10 SYSTEMPATH/Boot.php(68): CodeIgniter\Boot::runCodeIgniter()
11 FCPATH/index.php(59): CodeIgniter\Boot::bootWeb()
12 SYSTEMPATH/rewrite.php(44): require_once('/home/angolatiana/Documents/GitHub/PROJET-FINAL-S4-4012-4154/public/index.php')
CRITICAL - 2026-07-20 07:54:08 --> [Caused by] CodeIgniter\Database\Exceptions\DatabaseException: Unable to prepare statement: 1, no such table: transactions
in SYSTEMPATH/Database/SQLite3/Connection.php on line 174.
 1 SYSTEMPATH/Database/BaseConnection.php(910): CodeIgniter\Database\SQLite3\Connection->execute()
 2 SYSTEMPATH/Database/BaseConnection.php(827): CodeIgniter\Database\BaseConnection->simpleQuery()
 3 SYSTEMPATH/Database/BaseBuilder.php(1649): CodeIgniter\Database\BaseConnection->query()
 4 SYSTEMPATH/Model.php(295): CodeIgniter\Database\BaseBuilder->get()
 5 SYSTEMPATH/BaseModel.php(714): CodeIgniter\Model->doFirst()
 6 APPPATH/Models/TransactionModel.php(152): CodeIgniter\BaseModel->first()
 7 APPPATH/Controllers/Admin/DashboardController.php(29): App\Models\TransactionModel->getGlobalStats()
 8 SYSTEMPATH/CodeIgniter.php(951): App\Controllers\Admin\DashboardController->index()
 9 SYSTEMPATH/CodeIgniter.php(497): CodeIgniter\CodeIgniter->runController()
10 SYSTEMPATH/CodeIgniter.php(340): CodeIgniter\CodeIgniter->handleRequest()
11 SYSTEMPATH/Boot.php(417): CodeIgniter\CodeIgniter->run()
12 SYSTEMPATH/Boot.php(68): CodeIgniter\Boot::runCodeIgniter()
13 FCPATH/index.php(59): CodeIgniter\Boot::bootWeb()
14 SYSTEMPATH/rewrite.php(44): require_once('/home/angolatiana/Documents/GitHub/PROJET-FINAL-S4-4012-4154/public/index.php')
CRITICAL - 2026-07-20 07:54:08 --> [Caused by] Exception: Unable to prepare statement: 1, no such table: transactions
in SYSTEMPATH/Database/SQLite3/Connection.php on line 164.
 1 SYSTEMPATH/Database/SQLite3/Connection.php(164): SQLite3->query()
 2 SYSTEMPATH/Database/BaseConnection.php(910): CodeIgniter\Database\SQLite3\Connection->execute()
 3 SYSTEMPATH/Database/BaseConnection.php(827): CodeIgniter\Database\BaseConnection->simpleQuery()
 4 SYSTEMPATH/Database/BaseBuilder.php(1649): CodeIgniter\Database\BaseConnection->query()
 5 SYSTEMPATH/Model.php(295): CodeIgniter\Database\BaseBuilder->get()
 6 SYSTEMPATH/BaseModel.php(714): CodeIgniter\Model->doFirst()
 7 APPPATH/Models/TransactionModel.php(152): CodeIgniter\BaseModel->first()
 8 APPPATH/Controllers/Admin/DashboardController.php(29): App\Models\TransactionModel->getGlobalStats()
 9 SYSTEMPATH/CodeIgniter.php(951): App\Controllers\Admin\DashboardController->index()
10 SYSTEMPATH/CodeIgniter.php(497): CodeIgniter\CodeIgniter->runController()
11 SYSTEMPATH/CodeIgniter.php(340): CodeIgniter\CodeIgniter->handleRequest()
12 SYSTEMPATH/Boot.php(417): CodeIgniter\CodeIgniter->run()
13 SYSTEMPATH/Boot.php(68): CodeIgniter\Boot::runCodeIgniter()
14 FCPATH/index.php(59): CodeIgniter\Boot::bootWeb()
15 SYSTEMPATH/rewrite.php(44): require_once('/home/angolatiana/Documents/GitHub/PROJET-FINAL-S4-4012-4154/public/index.php')
CRITICAL - 2026-07-20 08:09:17 --> Error: Call to undefined method CodeIgniter\Router\Router::getControllerName()
[Method: GET, Route: admin/clients]
in APPPATH/Views/layouts/admin_layout.php on line 496.
 1 SYSTEMPATH/View/View.php(240): include()
 2 SYSTEMPATH/View/View.php(243): CodeIgniter\View\View->CodeIgniter\View\{closure}()
 3 SYSTEMPATH/View/View.php(256): CodeIgniter\View\View->render()
 4 SYSTEMPATH/Common.php(1250): CodeIgniter\View\View->render()
 5 APPPATH/Controllers/Admin/ClientsController.php(42): view()
 6 SYSTEMPATH/CodeIgniter.php(951): App\Controllers\Admin\ClientsController->index()
 7 SYSTEMPATH/CodeIgniter.php(497): CodeIgniter\CodeIgniter->runController()
 8 SYSTEMPATH/CodeIgniter.php(340): CodeIgniter\CodeIgniter->handleRequest()
 9 SYSTEMPATH/Boot.php(417): CodeIgniter\CodeIgniter->run()
10 SYSTEMPATH/Boot.php(68): CodeIgniter\Boot::runCodeIgniter()
11 FCPATH/index.php(59): CodeIgniter\Boot::bootWeb()
12 SYSTEMPATH/rewrite.php(44): require_once('/home/angolatiana/Documents/GitHub/PROJET-FINAL-S4-4012-4154/public/index.php')
CRITICAL - 2026-07-20 08:09:39 --> Error: Call to undefined method CodeIgniter\Router\Router::getControllerName()
[Method: GET, Route: admin/clients]
in APPPATH/Views/layouts/admin_layout.php on line 496.
 1 SYSTEMPATH/View/View.php(240): include()
 2 SYSTEMPATH/View/View.php(243): CodeIgniter\View\View->CodeIgniter\View\{closure}()
 3 SYSTEMPATH/View/View.php(256): CodeIgniter\View\View->render()
 4 SYSTEMPATH/Common.php(1250): CodeIgniter\View\View->render()
 5 APPPATH/Controllers/Admin/ClientsController.php(42): view()
 6 SYSTEMPATH/CodeIgniter.php(951): App\Controllers\Admin\ClientsController->index()
 7 SYSTEMPATH/CodeIgniter.php(497): CodeIgniter\CodeIgniter->runController()
 8 SYSTEMPATH/CodeIgniter.php(340): CodeIgniter\CodeIgniter->handleRequest()
 9 SYSTEMPATH/Boot.php(417): CodeIgniter\CodeIgniter->run()
10 SYSTEMPATH/Boot.php(68): CodeIgniter\Boot::runCodeIgniter()
11 FCPATH/index.php(59): CodeIgniter\Boot::bootWeb()
12 SYSTEMPATH/rewrite.php(44): require_once('/home/angolatiana/Documents/GitHub/PROJET-FINAL-S4-4012-4154/public/index.php')
CRITICAL - 2026-07-20 08:10:03 --> Error: Call to undefined method CodeIgniter\Router\Router::getControllerName()
[Method: GET, Route: admin/prefixes/]
in APPPATH/Views/layouts/admin_layout.php on line 496.
 1 SYSTEMPATH/View/View.php(240): include()
 2 SYSTEMPATH/View/View.php(243): CodeIgniter\View\View->CodeIgniter\View\{closure}()
 3 SYSTEMPATH/View/View.php(256): CodeIgniter\View\View->render()
 4 SYSTEMPATH/Common.php(1250): CodeIgniter\View\View->render()
 5 APPPATH/Controllers/Admin/PrefixController.php(28): view()
 6 SYSTEMPATH/CodeIgniter.php(951): App\Controllers\Admin\PrefixController->index()
 7 SYSTEMPATH/CodeIgniter.php(497): CodeIgniter\CodeIgniter->runController()
 8 SYSTEMPATH/CodeIgniter.php(340): CodeIgniter\CodeIgniter->handleRequest()
 9 SYSTEMPATH/Boot.php(417): CodeIgniter\CodeIgniter->run()
10 SYSTEMPATH/Boot.php(68): CodeIgniter\Boot::runCodeIgniter()
11 FCPATH/index.php(59): CodeIgniter\Boot::bootWeb()
12 SYSTEMPATH/rewrite.php(44): require_once('/home/angolatiana/Documents/GitHub/PROJET-FINAL-S4-4012-4154/public/index.php')
CRITICAL - 2026-07-20 08:10:30 --> Error: Call to undefined method CodeIgniter\Router\Router::getControllerName()
[Method: GET, Route: admin/prefixes/]
in APPPATH/Views/layouts/admin_layout.php on line 496.
 1 SYSTEMPATH/View/View.php(240): include()
 2 SYSTEMPATH/View/View.php(243): CodeIgniter\View\View->CodeIgniter\View\{closure}()
 3 SYSTEMPATH/View/View.php(256): CodeIgniter\View\View->render()
 4 SYSTEMPATH/Common.php(1250): CodeIgniter\View\View->render()
 5 APPPATH/Controllers/Admin/PrefixController.php(28): view()
 6 SYSTEMPATH/CodeIgniter.php(951): App\Controllers\Admin\PrefixController->index()
 7 SYSTEMPATH/CodeIgniter.php(497): CodeIgniter\CodeIgniter->runController()
 8 SYSTEMPATH/CodeIgniter.php(340): CodeIgniter\CodeIgniter->handleRequest()
 9 SYSTEMPATH/Boot.php(417): CodeIgniter\CodeIgniter->run()
10 SYSTEMPATH/Boot.php(68): CodeIgniter\Boot::runCodeIgniter()
11 FCPATH/index.php(59): CodeIgniter\Boot::bootWeb()
12 SYSTEMPATH/rewrite.php(44): require_once('/home/angolatiana/Documents/GitHub/PROJET-FINAL-S4-4012-4154/public/index.php')
CRITICAL - 2026-07-20 08:20:22 --> CodeIgniter\View\Exceptions\ViewException: Invalid file: "admin/clients/create.php"
[Method: GET, Route: admin/clients/create]
in SYSTEMPATH/Exceptions/FrameworkException.php on line 39.
 1 SYSTEMPATH/View/View.php(228): CodeIgniter\Exceptions\FrameworkException::forInvalidFile()
 2 SYSTEMPATH/Common.php(1250): CodeIgniter\View\View->render()
 3 APPPATH/Controllers/Admin/ClientsController.php(108): view()
 4 SYSTEMPATH/CodeIgniter.php(951): App\Controllers\Admin\ClientsController->create()
 5 SYSTEMPATH/CodeIgniter.php(497): CodeIgniter\CodeIgniter->runController()
 6 SYSTEMPATH/CodeIgniter.php(340): CodeIgniter\CodeIgniter->handleRequest()
 7 SYSTEMPATH/Boot.php(417): CodeIgniter\CodeIgniter->run()
 8 SYSTEMPATH/Boot.php(68): CodeIgniter\Boot::runCodeIgniter()
 9 FCPATH/index.php(59): CodeIgniter\Boot::bootWeb()
10 SYSTEMPATH/rewrite.php(44): require_once('/home/angolatiana/Documents/GitHub/PROJET-FINAL-S4-4012-4154/public/index.php')
CRITICAL - 2026-07-20 08:24:04 --> CodeIgniter\View\Exceptions\ViewException: Invalid file: "admin/clients/create.php"
[Method: GET, Route: admin/clients/create]
in SYSTEMPATH/Exceptions/FrameworkException.php on line 39.
 1 SYSTEMPATH/View/View.php(228): CodeIgniter\Exceptions\FrameworkException::forInvalidFile()
 2 SYSTEMPATH/Common.php(1250): CodeIgniter\View\View->render()
 3 APPPATH/Controllers/Admin/ClientsController.php(101): view()
 4 SYSTEMPATH/CodeIgniter.php(951): App\Controllers\Admin\ClientsController->create()
 5 SYSTEMPATH/CodeIgniter.php(497): CodeIgniter\CodeIgniter->runController()
 6 SYSTEMPATH/CodeIgniter.php(340): CodeIgniter\CodeIgniter->handleRequest()
 7 SYSTEMPATH/Boot.php(417): CodeIgniter\CodeIgniter->run()
 8 SYSTEMPATH/Boot.php(68): CodeIgniter\Boot::runCodeIgniter()
 9 FCPATH/index.php(59): CodeIgniter\Boot::bootWeb()
10 SYSTEMPATH/rewrite.php(44): require_once('/home/angolatiana/Documents/GitHub/PROJET-FINAL-S4-4012-4154/public/index.php')
CRITICAL - 2026-07-20 08:31:58 --> Error: Call to undefined method CodeIgniter\Router\Router::getControllerName()
[Method: GET, Route: admin/dashboard]
in APPPATH/Views/layouts/admin_layout.php on line 519.
 1 SYSTEMPATH/View/View.php(240): include()
 2 SYSTEMPATH/View/View.php(243): CodeIgniter\View\View->CodeIgniter\View\{closure}()
 3 SYSTEMPATH/View/View.php(256): CodeIgniter\View\View->render()
 4 SYSTEMPATH/Common.php(1250): CodeIgniter\View\View->render()
 5 APPPATH/Controllers/Admin/DashboardController.php(95): view()
 6 SYSTEMPATH/CodeIgniter.php(951): App\Controllers\Admin\DashboardController->index()
 7 SYSTEMPATH/CodeIgniter.php(497): CodeIgniter\CodeIgniter->runController()
 8 SYSTEMPATH/CodeIgniter.php(340): CodeIgniter\CodeIgniter->handleRequest()
 9 SYSTEMPATH/Boot.php(417): CodeIgniter\CodeIgniter->run()
10 SYSTEMPATH/Boot.php(68): CodeIgniter\Boot::runCodeIgniter()
11 FCPATH/index.php(59): CodeIgniter\Boot::bootWeb()
12 SYSTEMPATH/rewrite.php(44): require_once('/home/angolatiana/Documents/GitHub/PROJET-FINAL-S4-4012-4154/public/index.php')
CRITICAL - 2026-07-20 08:32:01 --> Error: Call to undefined method CodeIgniter\Router\Router::getControllerName()
[Method: GET, Route: admin/dashboard]
in APPPATH/Views/layouts/admin_layout.php on line 519.
 1 SYSTEMPATH/View/View.php(240): include()
 2 SYSTEMPATH/View/View.php(243): CodeIgniter\View\View->CodeIgniter\View\{closure}()
 3 SYSTEMPATH/View/View.php(256): CodeIgniter\View\View->render()
 4 SYSTEMPATH/Common.php(1250): CodeIgniter\View\View->render()
 5 APPPATH/Controllers/Admin/DashboardController.php(95): view()
 6 SYSTEMPATH/CodeIgniter.php(951): App\Controllers\Admin\DashboardController->index()
 7 SYSTEMPATH/CodeIgniter.php(497): CodeIgniter\CodeIgniter->runController()
 8 SYSTEMPATH/CodeIgniter.php(340): CodeIgniter\CodeIgniter->handleRequest()
 9 SYSTEMPATH/Boot.php(417): CodeIgniter\CodeIgniter->run()
10 SYSTEMPATH/Boot.php(68): CodeIgniter\Boot::runCodeIgniter()
11 FCPATH/index.php(59): CodeIgniter\Boot::bootWeb()
12 SYSTEMPATH/rewrite.php(44): require_once('/home/angolatiana/Documents/GitHub/PROJET-FINAL-S4-4012-4154/public/index.php')
CRITICAL - 2026-07-20 08:32:02 --> Error: Call to undefined method CodeIgniter\Router\Router::getControllerName()
[Method: GET, Route: admin/dashboard]
in APPPATH/Views/layouts/admin_layout.php on line 519.
 1 SYSTEMPATH/View/View.php(240): include()
 2 SYSTEMPATH/View/View.php(243): CodeIgniter\View\View->CodeIgniter\View\{closure}()
 3 SYSTEMPATH/View/View.php(256): CodeIgniter\View\View->render()
 4 SYSTEMPATH/Common.php(1250): CodeIgniter\View\View->render()
 5 APPPATH/Controllers/Admin/DashboardController.php(95): view()
 6 SYSTEMPATH/CodeIgniter.php(951): App\Controllers\Admin\DashboardController->index()
 7 SYSTEMPATH/CodeIgniter.php(497): CodeIgniter\CodeIgniter->runController()
 8 SYSTEMPATH/CodeIgniter.php(340): CodeIgniter\CodeIgniter->handleRequest()
 9 SYSTEMPATH/Boot.php(417): CodeIgniter\CodeIgniter->run()
10 SYSTEMPATH/Boot.php(68): CodeIgniter\Boot::runCodeIgniter()
11 FCPATH/index.php(59): CodeIgniter\Boot::bootWeb()
12 SYSTEMPATH/rewrite.php(44): require_once('/home/angolatiana/Documents/GitHub/PROJET-FINAL-S4-4012-4154/public/index.php')
CRITICAL - 2026-07-20 08:32:02 --> Error: Call to undefined method CodeIgniter\Router\Router::getControllerName()
[Method: GET, Route: admin/dashboard]
in APPPATH/Views/layouts/admin_layout.php on line 519.
 1 SYSTEMPATH/View/View.php(240): include()
 2 SYSTEMPATH/View/View.php(243): CodeIgniter\View\View->CodeIgniter\View\{closure}()
 3 SYSTEMPATH/View/View.php(256): CodeIgniter\View\View->render()
 4 SYSTEMPATH/Common.php(1250): CodeIgniter\View\View->render()
 5 APPPATH/Controllers/Admin/DashboardController.php(95): view()
 6 SYSTEMPATH/CodeIgniter.php(951): App\Controllers\Admin\DashboardController->index()
 7 SYSTEMPATH/CodeIgniter.php(497): CodeIgniter\CodeIgniter->runController()
 8 SYSTEMPATH/CodeIgniter.php(340): CodeIgniter\CodeIgniter->handleRequest()
 9 SYSTEMPATH/Boot.php(417): CodeIgniter\CodeIgniter->run()
10 SYSTEMPATH/Boot.php(68): CodeIgniter\Boot::runCodeIgniter()
11 FCPATH/index.php(59): CodeIgniter\Boot::bootWeb()
12 SYSTEMPATH/rewrite.php(44): require_once('/home/angolatiana/Documents/GitHub/PROJET-FINAL-S4-4012-4154/public/index.php')
CRITICAL - 2026-07-20 08:32:06 --> Error: Call to undefined method CodeIgniter\Router\Router::getControllerName()
[Method: GET, Route: admin/dashboard]
in APPPATH/Views/layouts/admin_layout.php on line 519.
 1 SYSTEMPATH/View/View.php(240): include()
 2 SYSTEMPATH/View/View.php(243): CodeIgniter\View\View->CodeIgniter\View\{closure}()
 3 SYSTEMPATH/View/View.php(256): CodeIgniter\View\View->render()
 4 SYSTEMPATH/Common.php(1250): CodeIgniter\View\View->render()
 5 APPPATH/Controllers/Admin/DashboardController.php(95): view()
 6 SYSTEMPATH/CodeIgniter.php(951): App\Controllers\Admin\DashboardController->index()
 7 SYSTEMPATH/CodeIgniter.php(497): CodeIgniter\CodeIgniter->runController()
 8 SYSTEMPATH/CodeIgniter.php(340): CodeIgniter\CodeIgniter->handleRequest()
 9 SYSTEMPATH/Boot.php(417): CodeIgniter\CodeIgniter->run()
10 SYSTEMPATH/Boot.php(68): CodeIgniter\Boot::runCodeIgniter()
11 FCPATH/index.php(59): CodeIgniter\Boot::bootWeb()
12 SYSTEMPATH/rewrite.php(44): require_once('/home/angolatiana/Documents/GitHub/PROJET-FINAL-S4-4012-4154/public/index.php')
CRITICAL - 2026-07-20 08:32:51 --> Error: Call to undefined method CodeIgniter\Router\Router::getControllerName()
[Method: GET, Route: admin/dashboard]
in APPPATH/Views/layouts/admin_layout.php on line 427.
 1 SYSTEMPATH/View/View.php(240): include()
 2 SYSTEMPATH/View/View.php(243): CodeIgniter\View\View->CodeIgniter\View\{closure}()
 3 SYSTEMPATH/View/View.php(256): CodeIgniter\View\View->render()
 4 SYSTEMPATH/Common.php(1250): CodeIgniter\View\View->render()
 5 APPPATH/Controllers/Admin/DashboardController.php(95): view()
 6 SYSTEMPATH/CodeIgniter.php(951): App\Controllers\Admin\DashboardController->index()
 7 SYSTEMPATH/CodeIgniter.php(497): CodeIgniter\CodeIgniter->runController()
 8 SYSTEMPATH/CodeIgniter.php(340): CodeIgniter\CodeIgniter->handleRequest()
 9 SYSTEMPATH/Boot.php(417): CodeIgniter\CodeIgniter->run()
10 SYSTEMPATH/Boot.php(68): CodeIgniter\Boot::runCodeIgniter()
11 FCPATH/index.php(59): CodeIgniter\Boot::bootWeb()
12 SYSTEMPATH/rewrite.php(44): require_once('/home/angolatiana/Documents/GitHub/PROJET-FINAL-S4-4012-4154/public/index.php')
CRITICAL - 2026-07-20 08:33:26 --> Error: Call to undefined method CodeIgniter\Router\Router::getControllerName()
[Method: GET, Route: admin/dashboard]
in APPPATH/Views/admin/dashboard/index.php on line 7.
 1 SYSTEMPATH/View/View.php(240): include()
 2 SYSTEMPATH/View/View.php(243): CodeIgniter\View\View->CodeIgniter\View\{closure}()
 3 SYSTEMPATH/Common.php(1250): CodeIgniter\View\View->render()
 4 APPPATH/Controllers/Admin/DashboardController.php(95): view()
 5 SYSTEMPATH/CodeIgniter.php(951): App\Controllers\Admin\DashboardController->index()
 6 SYSTEMPATH/CodeIgniter.php(497): CodeIgniter\CodeIgniter->runController()
 7 SYSTEMPATH/CodeIgniter.php(340): CodeIgniter\CodeIgniter->handleRequest()
 8 SYSTEMPATH/Boot.php(417): CodeIgniter\CodeIgniter->run()
 9 SYSTEMPATH/Boot.php(68): CodeIgniter\Boot::runCodeIgniter()
10 FCPATH/index.php(59): CodeIgniter\Boot::bootWeb()
11 SYSTEMPATH/rewrite.php(44): require_once('/home/angolatiana/Documents/GitHub/PROJET-FINAL-S4-4012-4154/public/index.php')
CRITICAL - 2026-07-20 08:34:08 --> Error: Call to undefined method CodeIgniter\Router\Router::getControllerName()
[Method: GET, Route: admin/dashboard]
in APPPATH/Views/admin/dashboard/index.php on line 366.
 1 SYSTEMPATH/View/View.php(240): include()
 2 SYSTEMPATH/View/View.php(243): CodeIgniter\View\View->CodeIgniter\View\{closure}()
 3 SYSTEMPATH/Common.php(1250): CodeIgniter\View\View->render()
 4 APPPATH/Controllers/Admin/DashboardController.php(95): view()
 5 SYSTEMPATH/CodeIgniter.php(951): App\Controllers\Admin\DashboardController->index()
 6 SYSTEMPATH/CodeIgniter.php(497): CodeIgniter\CodeIgniter->runController()
 7 SYSTEMPATH/CodeIgniter.php(340): CodeIgniter\CodeIgniter->handleRequest()
 8 SYSTEMPATH/Boot.php(417): CodeIgniter\CodeIgniter->run()
 9 SYSTEMPATH/Boot.php(68): CodeIgniter\Boot::runCodeIgniter()
10 FCPATH/index.php(59): CodeIgniter\Boot::bootWeb()
11 SYSTEMPATH/rewrite.php(44): require_once('/home/angolatiana/Documents/GitHub/PROJET-FINAL-S4-4012-4154/public/index.php')
CRITICAL - 2026-07-20 08:36:36 --> Error: Call to undefined method CodeIgniter\Router\Router::getControllerName()
[Method: GET, Route: admin/dashboard]
in APPPATH/Controllers/Admin/DashboardController.php on line 71.
 1 SYSTEMPATH/CodeIgniter.php(951): App\Controllers\Admin\DashboardController->index()
 2 SYSTEMPATH/CodeIgniter.php(497): CodeIgniter\CodeIgniter->runController()
 3 SYSTEMPATH/CodeIgniter.php(340): CodeIgniter\CodeIgniter->handleRequest()
 4 SYSTEMPATH/Boot.php(417): CodeIgniter\CodeIgniter->run()
 5 SYSTEMPATH/Boot.php(68): CodeIgniter\Boot::runCodeIgniter()
 6 FCPATH/index.php(59): CodeIgniter\Boot::bootWeb()
 7 SYSTEMPATH/rewrite.php(44): require_once('/home/angolatiana/Documents/GitHub/PROJET-FINAL-S4-4012-4154/public/index.php')
CRITICAL - 2026-07-20 08:36:37 --> Error: Call to undefined method CodeIgniter\Router\Router::getControllerName()
[Method: GET, Route: admin/dashboard]
in APPPATH/Controllers/Admin/DashboardController.php on line 71.
 1 SYSTEMPATH/CodeIgniter.php(951): App\Controllers\Admin\DashboardController->index()
 2 SYSTEMPATH/CodeIgniter.php(497): CodeIgniter\CodeIgniter->runController()
 3 SYSTEMPATH/CodeIgniter.php(340): CodeIgniter\CodeIgniter->handleRequest()
 4 SYSTEMPATH/Boot.php(417): CodeIgniter\CodeIgniter->run()
 5 SYSTEMPATH/Boot.php(68): CodeIgniter\Boot::runCodeIgniter()
 6 FCPATH/index.php(59): CodeIgniter\Boot::bootWeb()
 7 SYSTEMPATH/rewrite.php(44): require_once('/home/angolatiana/Documents/GitHub/PROJET-FINAL-S4-4012-4154/public/index.php')
CRITICAL - 2026-07-20 08:38:06 --> Error: Call to undefined method CodeIgniter\Router\Router::getControllerName()
[Method: GET, Route: admin/dashboard]
in APPPATH/Controllers/Admin/DashboardController.php on line 83.
 1 SYSTEMPATH/CodeIgniter.php(951): App\Controllers\Admin\DashboardController->index()
 2 SYSTEMPATH/CodeIgniter.php(497): CodeIgniter\CodeIgniter->runController()
 3 SYSTEMPATH/CodeIgniter.php(340): CodeIgniter\CodeIgniter->handleRequest()
 4 SYSTEMPATH/Boot.php(417): CodeIgniter\CodeIgniter->run()
 5 SYSTEMPATH/Boot.php(68): CodeIgniter\Boot::runCodeIgniter()
 6 FCPATH/index.php(59): CodeIgniter\Boot::bootWeb()
 7 SYSTEMPATH/rewrite.php(44): require_once('/home/angolatiana/Documents/GitHub/PROJET-FINAL-S4-4012-4154/public/index.php')
CRITICAL - 2026-07-20 08:39:28 --> Error: Call to undefined method CodeIgniter\Router\Router::getControllerName()
[Method: GET, Route: admin/dashboard]
in APPPATH/Views/admin/dashboard/index.php on line 10.
 1 SYSTEMPATH/View/View.php(240): include()
 2 SYSTEMPATH/View/View.php(243): CodeIgniter\View\View->CodeIgniter\View\{closure}()
 3 SYSTEMPATH/Common.php(1250): CodeIgniter\View\View->render()
 4 APPPATH/Controllers/Admin/DashboardController.php(97): view()
 5 SYSTEMPATH/CodeIgniter.php(951): App\Controllers\Admin\DashboardController->index()
 6 SYSTEMPATH/CodeIgniter.php(497): CodeIgniter\CodeIgniter->runController()
 7 SYSTEMPATH/CodeIgniter.php(340): CodeIgniter\CodeIgniter->handleRequest()
 8 SYSTEMPATH/Boot.php(417): CodeIgniter\CodeIgniter->run()
 9 SYSTEMPATH/Boot.php(68): CodeIgniter\Boot::runCodeIgniter()
10 FCPATH/index.php(59): CodeIgniter\Boot::bootWeb()
11 SYSTEMPATH/rewrite.php(44): require_once('/home/angolatiana/Documents/GitHub/PROJET-FINAL-S4-4012-4154/public/index.php')
CRITICAL - 2026-07-20 08:43:54 --> ErrorException: Undefined variable $period
[Method: GET, Route: admin/clients]
in APPPATH/Views/layouts/admin_layout.php on line 440.
 1 APPPATH/Views/layouts/admin_layout.php(440): CodeIgniter\Debug\Exceptions->errorHandler()
 2 SYSTEMPATH/View/View.php(240): include('/home/angolatiana/Documents/GitHub/PROJET-FINAL-S4-4012-4154/app/Views/layouts/admin_layout.php')
 3 SYSTEMPATH/View/View.php(243): CodeIgniter\View\View->CodeIgniter\View\{closure}()
 4 SYSTEMPATH/View/View.php(256): CodeIgniter\View\View->render()
 5 SYSTEMPATH/Common.php(1250): CodeIgniter\View\View->render()
 6 APPPATH/Controllers/Admin/ClientsController.php(35): view()
 7 SYSTEMPATH/CodeIgniter.php(951): App\Controllers\Admin\ClientsController->index()
 8 SYSTEMPATH/CodeIgniter.php(497): CodeIgniter\CodeIgniter->runController()
 9 SYSTEMPATH/CodeIgniter.php(340): CodeIgniter\CodeIgniter->handleRequest()
10 SYSTEMPATH/Boot.php(417): CodeIgniter\CodeIgniter->run()
11 SYSTEMPATH/Boot.php(68): CodeIgniter\Boot::runCodeIgniter()
12 FCPATH/index.php(59): CodeIgniter\Boot::bootWeb()
13 SYSTEMPATH/rewrite.php(44): require_once('/home/angolatiana/Documents/GitHub/PROJET-FINAL-S4-4012-4154/public/index.php')
CRITICAL - 2026-07-20 08:44:20 --> ErrorException: Undefined variable $period
[Method: GET, Route: admin/clients]
in APPPATH/Views/layouts/admin_layout.php on line 445.
 1 APPPATH/Views/layouts/admin_layout.php(445): CodeIgniter\Debug\Exceptions->errorHandler()
 2 SYSTEMPATH/View/View.php(240): include('/home/angolatiana/Documents/GitHub/PROJET-FINAL-S4-4012-4154/app/Views/layouts/admin_layout.php')
 3 SYSTEMPATH/View/View.php(243): CodeIgniter\View\View->CodeIgniter\View\{closure}()
 4 SYSTEMPATH/View/View.php(256): CodeIgniter\View\View->render()
 5 SYSTEMPATH/Common.php(1250): CodeIgniter\View\View->render()
 6 APPPATH/Controllers/Admin/ClientsController.php(35): view()
 7 SYSTEMPATH/CodeIgniter.php(951): App\Controllers\Admin\ClientsController->index()
 8 SYSTEMPATH/CodeIgniter.php(497): CodeIgniter\CodeIgniter->runController()
 9 SYSTEMPATH/CodeIgniter.php(340): CodeIgniter\CodeIgniter->handleRequest()
10 SYSTEMPATH/Boot.php(417): CodeIgniter\CodeIgniter->run()
11 SYSTEMPATH/Boot.php(68): CodeIgniter\Boot::runCodeIgniter()
12 FCPATH/index.php(59): CodeIgniter\Boot::bootWeb()
13 SYSTEMPATH/rewrite.php(44): require_once('/home/angolatiana/Documents/GitHub/PROJET-FINAL-S4-4012-4154/public/index.php')
CRITICAL - 2026-07-20 09:04:26 --> CodeIgniter\View\Exceptions\ViewException: Invalid file: "admin/clients/edit.php"
[Method: GET, Route: admin/clients/edit/52]
in SYSTEMPATH/Exceptions/FrameworkException.php on line 39.
 1 SYSTEMPATH/View/View.php(228): CodeIgniter\Exceptions\FrameworkException::forInvalidFile()
 2 SYSTEMPATH/Common.php(1250): CodeIgniter\View\View->render()
 3 APPPATH/Controllers/Admin/ClientsController.php(166): view()
 4 SYSTEMPATH/CodeIgniter.php(951): App\Controllers\Admin\ClientsController->edit()
 5 SYSTEMPATH/CodeIgniter.php(497): CodeIgniter\CodeIgniter->runController()
 6 SYSTEMPATH/CodeIgniter.php(340): CodeIgniter\CodeIgniter->handleRequest()
 7 SYSTEMPATH/Boot.php(417): CodeIgniter\CodeIgniter->run()
 8 SYSTEMPATH/Boot.php(68): CodeIgniter\Boot::runCodeIgniter()
 9 FCPATH/index.php(59): CodeIgniter\Boot::bootWeb()
10 SYSTEMPATH/rewrite.php(44): require_once('/home/angolatiana/Documents/GitHub/PROJET-FINAL-S4-4012-4154/public/index.php')
ERROR - 2026-07-20 09:23:59 --> near ")": syntax error
in SYSTEMPATH/Database/SQLite3/Connection.php on line 163.
 1 SYSTEMPATH/Database/SQLite3/Connection.php(163): SQLite3->exec()
 2 SYSTEMPATH/Database/BaseConnection.php(910): CodeIgniter\Database\SQLite3\Connection->execute()
 3 SYSTEMPATH/Database/BaseConnection.php(827): CodeIgniter\Database\BaseConnection->simpleQuery()
 4 SYSTEMPATH/Database/BaseBuilder.php(2345): CodeIgniter\Database\BaseConnection->query()
 5 SYSTEMPATH/Model.php(355): CodeIgniter\Database\BaseBuilder->insert()
 6 SYSTEMPATH/BaseModel.php(899): CodeIgniter\Model->doInsert()
 7 SYSTEMPATH/Model.php(668): CodeIgniter\BaseModel->insert()
 8 APPPATH/Controllers/ClientController.php(264): CodeIgniter\Model->insert()
 9 SYSTEMPATH/CodeIgniter.php(951): App\Controllers\ClientController->doWithdrawal()
10 SYSTEMPATH/CodeIgniter.php(497): CodeIgniter\CodeIgniter->runController()
11 SYSTEMPATH/CodeIgniter.php(340): CodeIgniter\CodeIgniter->handleRequest()
12 SYSTEMPATH/Boot.php(417): CodeIgniter\CodeIgniter->run()
13 SYSTEMPATH/Boot.php(68): CodeIgniter\Boot::runCodeIgniter()
14 FCPATH/index.php(59): CodeIgniter\Boot::bootWeb()
15 SYSTEMPATH/rewrite.php(44): require_once('/home/angolatiana/Documents/GitHub/PROJET-FINAL-S4-4012-4154/public/index.php')
ERROR - 2026-07-20 09:25:42 --> near ")": syntax error
in SYSTEMPATH/Database/SQLite3/Connection.php on line 163.
 1 SYSTEMPATH/Database/SQLite3/Connection.php(163): SQLite3->exec()
 2 SYSTEMPATH/Database/BaseConnection.php(910): CodeIgniter\Database\SQLite3\Connection->execute()
 3 SYSTEMPATH/Database/BaseConnection.php(827): CodeIgniter\Database\BaseConnection->simpleQuery()
 4 SYSTEMPATH/Database/BaseBuilder.php(2345): CodeIgniter\Database\BaseConnection->query()
 5 SYSTEMPATH/Model.php(355): CodeIgniter\Database\BaseBuilder->insert()
 6 SYSTEMPATH/BaseModel.php(899): CodeIgniter\Model->doInsert()
 7 SYSTEMPATH/Model.php(668): CodeIgniter\BaseModel->insert()
 8 APPPATH/Controllers/ClientController.php(180): CodeIgniter\Model->insert()
 9 SYSTEMPATH/CodeIgniter.php(951): App\Controllers\ClientController->doDeposit()
10 SYSTEMPATH/CodeIgniter.php(497): CodeIgniter\CodeIgniter->runController()
11 SYSTEMPATH/CodeIgniter.php(340): CodeIgniter\CodeIgniter->handleRequest()
12 SYSTEMPATH/Boot.php(417): CodeIgniter\CodeIgniter->run()
13 SYSTEMPATH/Boot.php(68): CodeIgniter\Boot::runCodeIgniter()
14 FCPATH/index.php(59): CodeIgniter\Boot::bootWeb()
15 SYSTEMPATH/rewrite.php(44): require_once('/home/angolatiana/Documents/GitHub/PROJET-FINAL-S4-4012-4154/public/index.php')
CRITICAL - 2026-07-20 09:38:15 --> TypeError: Illegal offset type
[Method: GET, Route: client/dashboard]
in SYSTEMPATH/Database/BaseBuilder.php on line 764.
 1 SYSTEMPATH/Database/BaseBuilder.php(722): CodeIgniter\Database\BaseBuilder->whereHaving()
 2 APPPATH/Controllers/ClientController.php(90): CodeIgniter\Database\BaseBuilder->where()
 3 SYSTEMPATH/CodeIgniter.php(951): App\Controllers\ClientController->dashboard()
 4 SYSTEMPATH/CodeIgniter.php(497): CodeIgniter\CodeIgniter->runController()
 5 SYSTEMPATH/CodeIgniter.php(340): CodeIgniter\CodeIgniter->handleRequest()
 6 SYSTEMPATH/Boot.php(417): CodeIgniter\CodeIgniter->run()
 7 SYSTEMPATH/Boot.php(68): CodeIgniter\Boot::runCodeIgniter()
 8 FCPATH/index.php(59): CodeIgniter\Boot::bootWeb()
 9 SYSTEMPATH/rewrite.php(44): require_once('/home/angolatiana/Documents/GitHub/PROJET-FINAL-S4-4012-4154/public/index.php')
ERROR - 2026-07-20 09:50:38 --> near ")": syntax error
in SYSTEMPATH/Database/SQLite3/Connection.php on line 163.
 1 SYSTEMPATH/Database/SQLite3/Connection.php(163): SQLite3->exec()
 2 SYSTEMPATH/Database/BaseConnection.php(910): CodeIgniter\Database\SQLite3\Connection->execute()
 3 SYSTEMPATH/Database/BaseConnection.php(827): CodeIgniter\Database\BaseConnection->simpleQuery()
 4 SYSTEMPATH/Database/BaseBuilder.php(2345): CodeIgniter\Database\BaseConnection->query()
 5 SYSTEMPATH/Model.php(355): CodeIgniter\Database\BaseBuilder->insert()
 6 SYSTEMPATH/BaseModel.php(899): CodeIgniter\Model->doInsert()
 7 SYSTEMPATH/Model.php(668): CodeIgniter\BaseModel->insert()
 8 APPPATH/Controllers/ClientController.php(171): CodeIgniter\Model->insert()
 9 SYSTEMPATH/CodeIgniter.php(951): App\Controllers\ClientController->doDeposit()
10 SYSTEMPATH/CodeIgniter.php(497): CodeIgniter\CodeIgniter->runController()
11 SYSTEMPATH/CodeIgniter.php(340): CodeIgniter\CodeIgniter->handleRequest()
12 SYSTEMPATH/Boot.php(417): CodeIgniter\CodeIgniter->run()
13 SYSTEMPATH/Boot.php(68): CodeIgniter\Boot::runCodeIgniter()
14 FCPATH/index.php(59): CodeIgniter\Boot::bootWeb()
15 SYSTEMPATH/rewrite.php(44): require_once('/home/angolatiana/Documents/GitHub/PROJET-FINAL-S4-4012-4154/public/index.php')
